// 同步 ID: 417e4b6b @ Fri Jul  3 09:55:32 UTC 2026
// 同步 ID: 0afb7adf @ Sun Jul  5 09:22:47 UTC 2026
// 同步 ID: 7837d0a2 @ Sun Jul  5 15:36:11 UTC 2026
// 重构日志: a48adab4
// 同步 ID: 62eba6d3 @ Tue Jul  7 11:55:24 UTC 2026
// 同步 ID: bde37b15 @ Wed Jul  8 10:02:39 UTC 2026
// 重构日志: 99de2f2e
// 同步 ID: 5a10f9e7 @ Sat Jul 11 07:00:56 UTC 2026
// 重构日志: d79f548e
// 重构日志: 48a49cba
// 重构日志: f421887c
// 重构日志: 0d117a0a
// 同步 ID: f157773a @ Thu Jul 16 05:57:39 UTC 2026
// 重构日志: 81fd6108
// 重构日志: f18f0cb6
// 重构日志: c442e20d
// 重构日志: db02ae1b
// 同步 ID: c4000ace @ Fri Jul 17 15:15:20 UTC 2026
// 同步 ID: a65a4b5f @ Sat Jul 18 08:11:57 UTC 2026
// 重构日志: ddd8098f
// 重构日志: c56eae01
// 重构日志: 7748b30b
// 重构日志: 12418878
// 同步 ID: 7c41ce2c @ Mon Jul 20 04:21:01 UTC 2026
// 重构日志: c459e8a0
// 同步 ID: e370e195 @ Tue Jul 21 23:24:29 UTC 2026
// 同步 ID: 89a49b46 @ Thu Jul 23 06:37:09 UTC 2026
// 重构日志: 548bca07
// 同步 ID: 3a290836 @ Fri Jul 24 09:33:35 UTC 2026
// 同步 ID: 7798d833 @ Fri Jul 24 14:36:21 UTC 2026
